Point/app/build/outputs/apk/manifest-merger-debug-report.txt
-- Merging decision tree log ---
manifest
ADDED from AndroidManifest.xml:1:1
	package
		ADDED from AndroidManifest.xml:2:5
		INJECTED from AndroidManifest.xml:0:0
		INJECTED from AndroidManifest.xml:0:0
	android:versionName
		INJECTED from AndroidManifest.xml:0:0
		INJECTED from AndroidManifest.xml:0:0
	xmlns:android
		ADDED from AndroidManifest.xml:1:11
	android:versionCode
		INJECTED from AndroidManifest.xml:0:0
		INJECTED from AndroidManifest.xml:0:0
uses-permission#android.permission.INTERNET
ADDED from AndroidManifest.xml:4:5
	android:name
		ADDED from AndroidManifest.xml:4:22
uses-permission#android.permission.ACCESS_NETWORK_STATE
ADDED from AndroidManifest.xml:5:5
	android:name
		ADDED from AndroidManifest.xml:5:22
uses-permission#android.permission.ACCESS_FINE_LOCATION
ADDED from AndroidManifest.xml:6:5
	android:name
		ADDED from AndroidManifest.xml:6:22
application
ADDED from AndroidManifest.xml:8:5
MERGED from com.android.support:appcompat-v7:21.0.3:16:5
MERGED from com.android.support:support-v4:21.0.3:16:5
	android:label
		ADDED from AndroidManifest.xml:8:45
	android:allowBackup
		ADDED from AndroidManifest.xml:8:18
	android:icon
		ADDED from AndroidManifest.xml:9:9
	android:theme
		ADDED from AndroidManifest.xml:9:46
activity#com.weaverprojects.point.launch
ADDED from AndroidManifest.xml:10:9
	android:label
		ADDED from AndroidManifest.xml:12:13
	android:name
		ADDED from AndroidManifest.xml:11:13
intent-filter#android.intent.action.MAIN+android.intent.category.LAUNCHER
ADDED from AndroidManifest.xml:13:13
action#android.intent.action.MAIN
ADDED from AndroidManifest.xml:14:20
	android:name
		ADDED from AndroidManifest.xml:14:28
category#android.intent.category.LAUNCHER
ADDED from AndroidManifest.xml:15:20
	android:name
		ADDED from AndroidManifest.xml:15:30
activity#com.weaverprojects.point.friends_list
ADDED from AndroidManifest.xml:19:9
	android:label
		ADDED from AndroidManifest.xml:21:13
	android:name
		ADDED from AndroidManifest.xml:20:13
intent-filter#android.intent.action.friends_list+android.intent.category.DEFAULT
ADDED from AndroidManifest.xml:22:13
action#android.intent.action.friends_list
ADDED from AndroidManifest.xml:23:17
	android:name
		ADDED from AndroidManifest.xml:23:25
category#android.intent.category.DEFAULT
ADDED from AndroidManifest.xml:24:17
	android:name
		ADDED from AndroidManifest.xml:24:27
activity#com.weaverprojects.point.point
ADDED from AndroidManifest.xml:29:9
	android:label
		ADDED from AndroidManifest.xml:31:13
	android:name
		ADDED from AndroidManifest.xml:30:13
intent-filter#android.intent.action.point+android.intent.category.DEFAULT
ADDED from AndroidManifest.xml:32:13
action#android.intent.action.point
ADDED from AndroidManifest.xml:33:17
	android:name
		ADDED from AndroidManifest.xml:33:25
activity#com.weaverprojects.point.add_friend
ADDED from AndroidManifest.xml:38:9
	android:label
		ADDED from AndroidManifest.xml:40:13
	android:name
		ADDED from AndroidManifest.xml:39:13
intent-filter#android.intent.action.add_friend+android.intent.category.DEFAULT
ADDED from AndroidManifest.xml:41:13
action#android.intent.action.add_friend
ADDED from AndroidManifest.xml:42:17
	android:name
		ADDED from AndroidManifest.xml:42:25
activity#com.weaverprojects.point.start
ADDED from AndroidManifest.xml:47:9
	android:label
		ADDED from AndroidManifest.xml:49:13
	android:name
		ADDED from AndroidManifest.xml:48:13
intent-filter#android.intent.action.start+android.intent.category.DEFAULT
ADDED from AndroidManifest.xml:50:13
action#android.intent.action.start
ADDED from AndroidManifest.xml:51:17
	android:name
		ADDED from AndroidManifest.xml:51:25
activity#com.weaverprojects.point.signup
ADDED from AndroidManifest.xml:56:9
	android:label
		ADDED from AndroidManifest.xml:58:13
	android:name
		ADDED from AndroidManifest.xml:57:13
intent-filter#android.intent.action.signup+android.intent.category.DEFAULT
ADDED from AndroidManifest.xml:59:13
action#android.intent.action.signup
ADDED from AndroidManifest.xml:60:17
	android:name
		ADDED from AndroidManifest.xml:60:25
activity#com.weaverprojects.point.login
ADDED from AndroidManifest.xml:65:9
	android:label
		ADDED from AndroidManifest.xml:67:13
	android:name
		ADDED from AndroidManifest.xml:66:13
intent-filter#android.intent.action.login+android.intent.category.DEFAULT
ADDED from AndroidManifest.xml:68:13
action#android.intent.action.login
ADDED from AndroidManifest.xml:69:17
	android:name
		ADDED from AndroidManifest.xml:69:25
uses-sdk
INJECTED from AndroidManifest.xml:0:0 reason: use-sdk injection requested
MERGED from com.android.support:appcompat-v7:21.0.3:15:5
MERGED from com.android.support:support-v4:21.0.3:15:5
	android:targetSdkVersion
		INJECTED from AndroidManifest.xml:0:0
		INJECTED from AndroidManifest.xml:0:0
	android:minSdkVersion
		INJECTED from AndroidManifest.xml:0:0
		INJECTED from AndroidManifest.xml:0:0